2015/12/14 18:13:58 INFO  - jmeter.util.JMeterUtils: Setting Locale to en_US 
2015/12/14 18:13:58 INFO  - jmeter.JMeter: Loading user properties from: /usr/share/jmeter/bin/user.properties 
2015/12/14 18:13:58 INFO  - jmeter.JMeter: Loading system properties from: /usr/share/jmeter/bin/system.properties 
2015/12/14 18:13:58 INFO  - jmeter.JMeter: Copyright (c) 1998-2012 The Apache Software Foundation 
2015/12/14 18:13:58 INFO  - jmeter.JMeter: Version 2.8.20130705 
2015/12/14 18:13:58 INFO  - jmeter.JMeter: java.version=1.7.0_91 
2015/12/14 18:13:58 INFO  - jmeter.JMeter: java.vm.name=OpenJDK 64-Bit Server VM 
2015/12/14 18:13:58 INFO  - jmeter.JMeter: os.name=Linux 
2015/12/14 18:13:58 INFO  - jmeter.JMeter: os.arch=amd64 
2015/12/14 18:13:58 INFO  - jmeter.JMeter: os.version=3.13.0-71-generic 
2015/12/14 18:13:58 INFO  - jmeter.JMeter: file.encoding=UTF-8 
2015/12/14 18:13:58 INFO  - jmeter.JMeter: Default Locale=English (United States) 
2015/12/14 18:13:58 INFO  - jmeter.JMeter: JMeter  Locale=English (United States) 
2015/12/14 18:13:58 INFO  - jmeter.JMeter: JMeterHome=/usr/share/jmeter 
2015/12/14 18:13:58 INFO  - jmeter.JMeter: user.dir  =/home/jonathan/Desktop/FREME/jmeter 
2015/12/14 18:13:58 INFO  - jmeter.JMeter: PWD       =/home/jonathan/Desktop/FREME/jmeter 
2015/12/14 18:13:58 INFO  - jmeter.JMeter: IP: 127.0.1.1 Name: jonathan-ThinkPad-X240 FullName: jonathan-ThinkPad-X240 
2015/12/14 18:13:58 INFO  - jmeter.JMeter: Loaded icon properties from org/apache/jmeter/images/icon.properties 
2015/12/14 18:13:58 INFO  - jmeter.engine.util.CompoundVariable: Note: Function class names must contain the string: '.functions.' 
2015/12/14 18:13:58 INFO  - jmeter.engine.util.CompoundVariable: Note: Function class names must not contain the string: '.gui.' 
2015/12/14 18:13:59 INFO  - jmeter.gui.action.LookAndFeelCommand: Using look and feel: com.sun.java.swing.plaf.gtk.GTKLookAndFeel [GTK+, System] 
2015/12/14 18:13:59 INFO  - jmeter.JMeter: Loading file: freme.jmx 
2015/12/14 18:13:59 INFO  - jmeter.services.FileServer: Default base='/home/jonathan/Desktop/FREME/jmeter' 
2015/12/14 18:13:59 INFO  - jmeter.services.FileServer: Set new base='/home/jonathan/Desktop/FREME/jmeter' 
2015/12/14 18:13:59 INFO  - jmeter.save.SaveService: Testplan (JMX) version: 2.2. Testlog (JTL) version: 2.2 
2015/12/14 18:13:59 INFO  - jmeter.save.SaveService: Using SaveService properties file encoding UTF-8 
2015/12/14 18:13:59 INFO  - jmeter.save.SaveService: Using SaveService properties file version 1382180 
2015/12/14 18:13:59 INFO  - jmeter.save.SaveService: Using SaveService properties version 2.3 
2015/12/14 18:13:59 INFO  - jmeter.save.SaveService: All converter versions present and correct 
2015/12/14 18:13:59 INFO  - jmeter.protocol.http.sampler.HTTPSamplerBase: Cannot find .className property for htmlParser, using default 
2015/12/14 18:13:59 INFO  - jmeter.protocol.http.sampler.HTTPSamplerBase: Parser for text/html is  
2015/12/14 18:13:59 INFO  - jmeter.protocol.http.sampler.HTTPSamplerBase: Parser for application/xhtml+xml is  
2015/12/14 18:13:59 INFO  - jmeter.protocol.http.sampler.HTTPSamplerBase: Parser for application/xml is  
2015/12/14 18:13:59 INFO  - jmeter.protocol.http.sampler.HTTPSamplerBase: Parser for text/xml is  
2015/12/14 18:13:59 INFO  - jmeter.protocol.http.sampler.HTTPSamplerBase: Parser for text/vnd.wap.wml is org.apache.jmeter.protocol.http.parser.RegexpHTMLParser 
2015/12/14 18:13:59 INFO  - jmeter.protocol.http.sampler.HTTPSamplerBase: Reuse SSL session context on subsequent iterations: true 
2015/12/14 18:13:59 INFO  - jmeter.util.BSFTestElement: Registering JMeter version of JavaScript engine as work-round for BSF-22 
2015/12/14 18:13:59 INFO  - jmeter.services.FileServer: Set new base='/home/jonathan/Desktop/FREME/jmeter' 
2015/12/14 18:14:00 INFO  - jmeter.samplers.SampleResult: Note: Sample TimeStamps are START times 
2015/12/14 18:14:00 INFO  - jmeter.samplers.SampleResult: sampleresult.default.encoding is set to ISO-8859-1 
2015/12/14 18:14:00 INFO  - jmeter.samplers.SampleResult: sampleresult.useNanoTime=true 
2015/12/14 18:14:00 INFO  - jmeter.samplers.SampleResult: sampleresult.nanoThreadSleep=5000 
2015/12/14 18:14:00 INFO  - jmeter.gui.util.MenuFactory: Skipping org.apache.jmeter.protocol.http.modifier.gui.ParamModifierGui 
2015/12/14 18:14:03 INFO  - jmeter.engine.StandardJMeterEngine: Listeners will be started after enabling running version 
2015/12/14 18:14:03 INFO  - jmeter.engine.StandardJMeterEngine: To revert to the earlier behaviour, define jmeterengine.startlistenerslater=false 
2015/12/14 18:14:03 INFO  - jmeter.engine.StandardJMeterEngine: Running the test! 
2015/12/14 18:14:03 INFO  - jmeter.gui.util.JMeterMenuBar: setRunning(true,*local*) 
2015/12/14 18:14:03 INFO  - jmeter.engine.StandardJMeterEngine: Starting ThreadGroup: 1 : Thread Group 
2015/12/14 18:14:03 INFO  - jmeter.engine.StandardJMeterEngine: Starting 50 threads for group Thread Group. 
2015/12/14 18:14:03 INFO  - jmeter.engine.StandardJMeterEngine: Thread will continue on error 
2015/12/14 18:14:03 INFO  - jmeter.threads.ThreadGroup: Starting thread group number 1 threads 50 ramp-up 2 perThread 40.0 delayedStart=false 
2015/12/14 18:14:03 INFO  - jmeter.threads.JMeterThread: jmeterthread.startearlier=true (see jmeter.properties) 
2015/12/14 18:14:03 INFO  - jmeter.threads.JMeterThread: Running PostProcessors in forward order 
2015/12/14 18:14:03 INFO  - jmeter.threads.JMeterThread: Thread started: Thread Group 1-1 
2015/12/14 18:14:03 INFO  - jmeter.threads.JMeterThread: Thread started: Thread Group 1-2 
2015/12/14 18:14:03 INFO  - jmeter.threads.ThreadGroup: Started thread group number 1 
2015/12/14 18:14:03 INFO  - jmeter.engine.StandardJMeterEngine: All thread groups have been started 
2015/12/14 18:14:03 INFO  - jmeter.threads.JMeterThread: Thread started: Thread Group 1-3 
2015/12/14 18:14:03 INFO  - jmeter.threads.JMeterThread: Thread started: Thread Group 1-4 
2015/12/14 18:14:03 INFO  - jmeter.threads.JMeterThread: Thread started: Thread Group 1-5 
2015/12/14 18:14:03 INFO  - jmeter.threads.JMeterThread: Thread started: Thread Group 1-6 
2015/12/14 18:14:03 INFO  - jmeter.threads.JMeterThread: Thread started: Thread Group 1-7 
2015/12/14 18:14:03 INFO  - jmeter.threads.JMeterThread: Thread started: Thread Group 1-8 
2015/12/14 18:14:03 INFO  - jmeter.threads.JMeterThread: Thread started: Thread Group 1-9 
2015/12/14 18:14:03 INFO  - jmeter.threads.JMeterThread: Thread started: Thread Group 1-10 
2015/12/14 18:14:04 INFO  - jmeter.threads.JMeterThread: Thread started: Thread Group 1-11 
2015/12/14 18:14:04 INFO  - jmeter.threads.JMeterThread: Thread started: Thread Group 1-12 
2015/12/14 18:14:04 INFO  - jmeter.threads.JMeterThread: Thread started: Thread Group 1-13 
2015/12/14 18:14:04 INFO  - jmeter.threads.JMeterThread: Thread started: Thread Group 1-14 
2015/12/14 18:14:04 INFO  - jmeter.threads.JMeterThread: Thread started: Thread Group 1-15 
2015/12/14 18:14:04 INFO  - jmeter.threads.JMeterThread: Thread started: Thread Group 1-16 
2015/12/14 18:14:04 INFO  - jmeter.threads.JMeterThread: Thread started: Thread Group 1-17 
2015/12/14 18:14:04 INFO  - jmeter.threads.JMeterThread: Thread started: Thread Group 1-18 
2015/12/14 18:14:04 INFO  - jmeter.threads.JMeterThread: Thread started: Thread Group 1-19 
2015/12/14 18:14:04 INFO  - jmeter.threads.JMeterThread: Thread started: Thread Group 1-20 
2015/12/14 18:14:04 INFO  - jmeter.threads.JMeterThread: Thread started: Thread Group 1-21 
2015/12/14 18:14:04 INFO  - jmeter.threads.JMeterThread: Thread started: Thread Group 1-22 
2015/12/14 18:14:04 INFO  - jmeter.threads.JMeterThread: Thread started: Thread Group 1-23 
2015/12/14 18:14:04 INFO  - jmeter.threads.JMeterThread: Thread started: Thread Group 1-24 
2015/12/14 18:14:04 INFO  - jmeter.threads.JMeterThread: Thread started: Thread Group 1-25 
2015/12/14 18:14:04 INFO  - jmeter.threads.JMeterThread: Thread started: Thread Group 1-26 
2015/12/14 18:14:04 INFO  - jmeter.threads.JMeterThread: Thread started: Thread Group 1-27 
2015/12/14 18:14:04 INFO  - jmeter.threads.JMeterThread: Thread started: Thread Group 1-28 
2015/12/14 18:14:04 INFO  - jmeter.threads.JMeterThread: Thread started: Thread Group 1-29 
2015/12/14 18:14:04 INFO  - jmeter.threads.JMeterThread: Thread started: Thread Group 1-30 
2015/12/14 18:14:04 INFO  - jmeter.threads.JMeterThread: Thread started: Thread Group 1-31 
2015/12/14 18:14:04 INFO  - jmeter.threads.JMeterThread: Thread started: Thread Group 1-32 
2015/12/14 18:14:04 INFO  - jmeter.threads.JMeterThread: Thread started: Thread Group 1-33 
2015/12/14 18:14:04 INFO  - jmeter.threads.JMeterThread: Thread started: Thread Group 1-34 
2015/12/14 18:14:05 INFO  - jmeter.threads.JMeterThread: Thread started: Thread Group 1-35 
2015/12/14 18:14:05 INFO  - jmeter.threads.JMeterThread: Thread started: Thread Group 1-36 
2015/12/14 18:14:05 INFO  - jmeter.threads.JMeterThread: Thread started: Thread Group 1-37 
2015/12/14 18:14:05 INFO  - jmeter.threads.JMeterThread: Thread started: Thread Group 1-38 
2015/12/14 18:14:05 INFO  - jmeter.threads.JMeterThread: Thread started: Thread Group 1-39 
2015/12/14 18:14:05 INFO  - jmeter.threads.JMeterThread: Thread started: Thread Group 1-40 
2015/12/14 18:14:05 INFO  - jmeter.threads.JMeterThread: Thread started: Thread Group 1-41 
2015/12/14 18:14:05 INFO  - jmeter.threads.JMeterThread: Thread started: Thread Group 1-42 
2015/12/14 18:14:05 INFO  - jmeter.threads.JMeterThread: Thread started: Thread Group 1-43 
2015/12/14 18:14:05 INFO  - jmeter.threads.JMeterThread: Thread started: Thread Group 1-44 
2015/12/14 18:14:05 INFO  - jmeter.threads.JMeterThread: Thread started: Thread Group 1-45 
2015/12/14 18:14:05 INFO  - jmeter.threads.JMeterThread: Thread started: Thread Group 1-46 
2015/12/14 18:14:05 INFO  - jmeter.threads.JMeterThread: Thread started: Thread Group 1-47 
2015/12/14 18:14:05 INFO  - jmeter.threads.JMeterThread: Thread started: Thread Group 1-48 
2015/12/14 18:14:05 INFO  - jmeter.threads.JMeterThread: Thread started: Thread Group 1-49 
2015/12/14 18:14:05 INFO  - jmeter.threads.JMeterThread: Thread started: Thread Group 1-50 
2015/12/14 18:14:05 INFO  - jmeter.protocol.http.sampler.HTTPHCAbstractImpl: Local host = jonathan-ThinkPad-X240 
2015/12/14 18:14:05 INFO  - jmeter.protocol.http.sampler.HTTPHC4Impl: HTTP request retry count = 1 
2015/12/14 18:14:05 INFO  - jmeter.protocol.http.sampler.HTTPHC4Impl: Setting up HTTPS TrustAll scheme 
2015/12/14 18:14:05 INFO  - jmeter.util.JsseSSLManager: Using default SSL protocol: TLS 
2015/12/14 18:14:05 INFO  - jmeter.util.JsseSSLManager: SSL session context: per-thread 
2015/12/14 18:14:06 INFO  - jmeter.threads.JMeterThread: Thread finished: Thread Group 1-47 
2015/12/14 18:14:07 INFO  - jmeter.threads.JMeterThread: Thread finished: Thread Group 1-23 
2015/12/14 18:14:07 INFO  - jmeter.threads.JMeterThread: Thread finished: Thread Group 1-12 
2015/12/14 18:14:07 INFO  - jmeter.threads.JMeterThread: Thread finished: Thread Group 1-33 
2015/12/14 18:14:07 INFO  - jmeter.threads.JMeterThread: Thread finished: Thread Group 1-40 
2015/12/14 18:14:07 INFO  - jmeter.threads.JMeterThread: Thread finished: Thread Group 1-35 
2015/12/14 18:14:07 INFO  - jmeter.threads.JMeterThread: Thread finished: Thread Group 1-46 
2015/12/14 18:14:07 INFO  - jmeter.threads.JMeterThread: Thread finished: Thread Group 1-11 
2015/12/14 18:14:07 INFO  - jmeter.threads.JMeterThread: Thread finished: Thread Group 1-38 
2015/12/14 18:14:07 INFO  - jmeter.threads.JMeterThread: Thread finished: Thread Group 1-48 
2015/12/14 18:14:07 INFO  - jmeter.threads.JMeterThread: Thread finished: Thread Group 1-15 
2015/12/14 18:14:07 INFO  - jmeter.threads.JMeterThread: Thread finished: Thread Group 1-1 
2015/12/14 18:14:07 INFO  - jmeter.threads.JMeterThread: Thread finished: Thread Group 1-45 
2015/12/14 18:14:07 INFO  - jmeter.threads.JMeterThread: Thread finished: Thread Group 1-25 
2015/12/14 18:14:07 INFO  - jmeter.threads.JMeterThread: Thread finished: Thread Group 1-29 
2015/12/14 18:14:07 INFO  - jmeter.threads.JMeterThread: Thread finished: Thread Group 1-36 
2015/12/14 18:14:07 INFO  - jmeter.threads.JMeterThread: Thread finished: Thread Group 1-44 
2015/12/14 18:14:07 INFO  - jmeter.threads.JMeterThread: Thread finished: Thread Group 1-13 
2015/12/14 18:14:07 INFO  - jmeter.threads.JMeterThread: Thread finished: Thread Group 1-16 
2015/12/14 18:14:07 INFO  - jmeter.threads.JMeterThread: Thread finished: Thread Group 1-3 
2015/12/14 18:14:07 INFO  - jmeter.threads.JMeterThread: Thread finished: Thread Group 1-26 
2015/12/14 18:14:07 INFO  - jmeter.threads.JMeterThread: Thread finished: Thread Group 1-10 
2015/12/14 18:14:07 INFO  - jmeter.threads.JMeterThread: Thread finished: Thread Group 1-34 
2015/12/14 18:14:07 INFO  - jmeter.threads.JMeterThread: Thread finished: Thread Group 1-14 
2015/12/14 18:14:07 INFO  - jmeter.threads.JMeterThread: Thread finished: Thread Group 1-30 
2015/12/14 18:14:07 INFO  - jmeter.threads.JMeterThread: Thread finished: Thread Group 1-39 
2015/12/14 18:14:07 INFO  - jmeter.threads.JMeterThread: Thread finished: Thread Group 1-50 
2015/12/14 18:14:07 INFO  - jmeter.threads.JMeterThread: Thread finished: Thread Group 1-27 
2015/12/14 18:14:08 INFO  - jmeter.threads.JMeterThread: Thread finished: Thread Group 1-7 
2015/12/14 18:14:08 INFO  - jmeter.threads.JMeterThread: Thread finished: Thread Group 1-6 
2015/12/14 18:14:08 INFO  - jmeter.threads.JMeterThread: Thread finished: Thread Group 1-21 
2015/12/14 18:14:08 INFO  - jmeter.threads.JMeterThread: Thread finished: Thread Group 1-8 
2015/12/14 18:14:08 INFO  - jmeter.threads.JMeterThread: Thread finished: Thread Group 1-17 
2015/12/14 18:14:08 INFO  - jmeter.threads.JMeterThread: Thread finished: Thread Group 1-5 
2015/12/14 18:14:08 INFO  - jmeter.threads.JMeterThread: Thread finished: Thread Group 1-37 
2015/12/14 18:14:08 INFO  - jmeter.threads.JMeterThread: Thread finished: Thread Group 1-32 
2015/12/14 18:14:08 INFO  - jmeter.threads.JMeterThread: Thread finished: Thread Group 1-24 
2015/12/14 18:14:08 INFO  - jmeter.threads.JMeterThread: Thread finished: Thread Group 1-31 
2015/12/14 18:14:08 INFO  - jmeter.threads.JMeterThread: Thread finished: Thread Group 1-20 
2015/12/14 18:14:08 INFO  - jmeter.threads.JMeterThread: Thread finished: Thread Group 1-22 
2015/12/14 18:14:08 INFO  - jmeter.threads.JMeterThread: Thread finished: Thread Group 1-49 
2015/12/14 18:14:08 INFO  - jmeter.threads.JMeterThread: Thread finished: Thread Group 1-28 
2015/12/14 18:14:08 INFO  - jmeter.threads.JMeterThread: Thread finished: Thread Group 1-4 
2015/12/14 18:14:08 INFO  - jmeter.threads.JMeterThread: Thread finished: Thread Group 1-19 
2015/12/14 18:14:08 INFO  - jmeter.threads.JMeterThread: Thread finished: Thread Group 1-9 
2015/12/14 18:14:08 INFO  - jmeter.threads.JMeterThread: Thread finished: Thread Group 1-2 
2015/12/14 18:14:08 INFO  - jmeter.threads.JMeterThread: Thread finished: Thread Group 1-42 
2015/12/14 18:14:08 INFO  - jmeter.threads.JMeterThread: Thread finished: Thread Group 1-18 
2015/12/14 18:14:08 INFO  - jmeter.threads.JMeterThread: Thread finished: Thread Group 1-41 
2015/12/14 18:14:08 INFO  - jmeter.threads.JMeterThread: Thread finished: Thread Group 1-43 
2015/12/14 18:14:08 INFO  - jmeter.engine.StandardJMeterEngine: Notifying test listeners of end of test 
2015/12/14 18:14:08 INFO  - jmeter.gui.util.JMeterMenuBar: setRunning(false,*local*) 
